AndroidPlatformFactory.RegisterBuildPlatforms: UnrealBuildTool.AndroidPlatformSDK has no valid SDK
IOSPlatformFactory.RegisterBuildPlatforms: UnrealBuildTool.IOSPlatformSDK using manually installed SDK
LinuxPlatformFactory.RegisterBuildPlatforms: UnrealBuildTool.LinuxPlatformSDK has no valid SDK
WindowsPlatformFactory.RegisterBuildPlatforms: UnrealBuildTool.WindowsPlatformSDK using manually installed SDK
ProjectFileGenerator.GenerateProjectFiles: Discovering modules, targets and source code for project...
WindowsPlatform.FindVisualStudioInstallations: Found Visual Studio installation: C:\Program Files\Microsoft Visual Studio\2022\Community (Product=Microsoft.VisualStudio.Product.Community, Version=17.0.32014.148)
WindowsPlatform.FindVisualStudioInstallations: Found Visual Studio installation: C:\Program Files (x86)\Microsoft Visual Studio\2019\Community (Product=Microsoft.VisualStudio.Product.Community, Version=16.10.31410.357)
WindowsPlatform.FindVisualStudioToolChains: Found Visual Studio toolchain: C:\Program Files\Microsoft Visual Studio\2022\Community\VC\Tools\MSVC\14.16.27023 (Version=14.16.27045)
WindowsPlatform.FindVisualStudioToolChains: Found Visual Studio toolchain: C:\Program Files\Microsoft Visual Studio\2022\Community\VC\Tools\MSVC\14.29.30133 (Version=14.29.30136)
WindowsPlatform.FindVisualStudioToolChains: Found Visual Studio toolchain: C:\Program Files\Microsoft Visual Studio\2022\Community\VC\Tools\MSVC\14.30.30705 (Version=14.30.30706)
WindowsPlatform.FindVisualStudioToolChains: Found Visual Studio toolchain: C:\Program Files (x86)\Microsoft Visual Studio\2019\Community\VC\Tools\MSVC\14.29.30037 (Version=14.29.30038)
WindowsPlatform.EnumerateSdkRootDirs: Found Windows 10 SDK root at C:\Program Files (x86)\Windows Kits\10 (1)
WindowsPlatform.EnumerateSdkRootDirs: Found Windows 10 SDK root at C:\Program Files (x86)\Windows Kits\10 (2)
WindowsPlatform.UpdateCachedWindowsSdks: Found Universal CRT version 10.0.10240.0 at C:\Program Files (x86)\Windows Kits\10
WindowsPlatform.UpdateCachedWindowsSdks: Found Windows 10 SDK version 10.0.17763.0 at C:\Program Files (x86)\Windows Kits\10
WindowsPlatform.UpdateCachedWindowsSdks: Found Universal CRT version 10.0.17763.0 at C:\Program Files (x86)\Windows Kits\10
WindowsPlatform.UpdateCachedWindowsSdks: Found Windows 10 SDK version 10.0.18362.0 at C:\Program Files (x86)\Windows Kits\10
WindowsPlatform.UpdateCachedWindowsSdks: Found Universal CRT version 10.0.18362.0 at C:\Program Files (x86)\Windows Kits\10
WindowsPlatform.UpdateCachedWindowsSdks: Found Windows 10 SDK version 10.0.19041.0 at C:\Program Files (x86)\Windows Kits\10
WindowsPlatform.UpdateCachedWindowsSdks: Found Universal CRT version 10.0.19041.0 at C:\Program Files (x86)\Windows Kits\10
WindowsPlatform.UpdateCachedWindowsSdks: Found Windows 10 SDK version 10.0.20348.0 at C:\Program Files (x86)\Windows Kits\10
WindowsPlatform.UpdateCachedWindowsSdks: Found Universal CRT version 10.0.20348.0 at C:\Program Files (x86)\Windows Kits\10
WindowsPlatform.UpdateCachedWindowsSdks: Found Windows 10 SDK version 10.0.22000.0 at C:\Program Files (x86)\Windows Kits\10
WindowsPlatform.UpdateCachedWindowsSdks: Found Universal CRT version 10.0.22000.0 at C:\Program Files (x86)\Windows Kits\10
Log.PushStatus: Binding IntelliSense data...
ProgressWriter.Write: @progress 'Binding IntelliSense data...' 0%
UEBuildTarget.AddPlugin: Enabling plugin 'Paper2D' (referenced via default plugins)
UEBuildTarget.AddPlugin: Enabling plugin 'AISupport' (referenced via default plugins)
UEBuildTarget.AddPlugin: Enabling plugin 'EnvironmentQueryEditor' (referenced via default plugins)
UEBuildTarget.AddPlugin: Enabling plugin 'LightPropagationVolume' (referenced via default plugins)
UEBuildTarget.AddPlugin: Enabling plugin 'CameraShakePreviewer' (referenced via default plugins)
UEBuildTarget.AddPlugin: Enabling plugin 'AnimationSharing' (referenced via default plugins)
UEBuildTarget.AddPlugin: Enabling plugin 'SignificanceManager' (referenced via default plugins -> AnimationSharing.uplugin)
UEBuildTarget.AddPlugin: Enabling plugin 'CLionSourceCodeAccess' (referenced via default plugins)
UEBuildTarget.AddPlugin: Enabling plugin 'CodeLiteSourceCodeAccess' (referenced via default plugins)
UEBuildTarget.AddPlugin: Enabling plugin 'GitSourceControl' (referenced via default plugins)
UEBuildTarget.AddPlugin: Enabling plugin 'KDevelopSourceCodeAccess' (referenced via default plugins)
UEBuildTarget.AddPlugin: Enabling plugin 'NullSourceCodeAccess' (referenced via default plugins)
UEBuildTarget.AddPlugin: Enabling plugin 'PerforceSourceControl' (referenced via default plugins)
UEBuildTarget.AddPlugin: Enabling plugin 'PlasticSourceControl' (referenced via default plugins)
UEBuildTarget.AddPlugin: Enabling plugin 'PluginUtils' (referenced via default plugins)
UEBuildTarget.AddPlugin: Enabling plugin 'PropertyAccessNode' (referenced via default plugins)
UEBuildTarget.AddPlugin: Enabling plugin 'PropertyAccessEditor' (referenced via default plugins -> PropertyAccessNode.uplugin)
UEBuildTarget.AddPlugin: Enabling plugin 'RiderSourceCodeAccess' (referenced via default plugins)
UEBuildTarget.AddPlugin: Enabling plugin 'SubversionSourceControl' (referenced via default plugins)
UEBuildTarget.AddPlugin: Enabling plugin 'UObjectPlugin' (referenced via default plugins)
UEBuildTarget.AddPlugin: Enabling plugin 'VisualStudioCodeSourceCodeAccess' (referenced via default plugins)
UEBuildTarget.AddPlugin: Enabling plugin 'VisualStudioSourceCodeAccess' (referenced via default plugins)
UEBuildTarget.AddPlugin: Enabling plugin 'XCodeSourceCodeAccess' (referenced via default plugins)
UEBuildTarget.AddPlugin: Enabling plugin 'AssetManagerEditor' (referenced via default plugins)
UEBuildTarget.AddPlugin: Enabling plugin 'ContentBrowserAssetDataSource' (referenced via default plugins)
UEBuildTarget.AddPlugin: Enabling plugin 'ContentBrowserClassDataSource' (referenced via default plugins)
UEBuildTarget.AddPlugin: Enabling plugin 'CryptoKeys' (referenced via default plugins)
UEBuildTarget.AddPlugin: Enabling plugin 'CurveEditorTools' (referenced via default plugins)
UEBuildTarget.AddPlugin: Enabling plugin 'DataValidation' (referenced via default plugins)
UEBuildTarget.AddPlugin: Enabling plugin 'FacialAnimation' (referenced via default plugins)
UEBuildTarget.AddPlugin: Enabling plugin 'GameplayTagsEditor' (referenced via default plugins)
UEBuildTarget.AddPlugin: Enabling plugin 'GeometryMode' (referenced via default plugins)
UEBuildTarget.AddPlugin: Enabling plugin 'MacGraphicsSwitching' (referenced via default plugins)
UEBuildTarget.AddPlugin: Enabling plugin 'MaterialAnalyzer' (referenced via default plugins)
UEBuildTarget.AddPlugin: Enabling plugin 'MobileLauncherProfileWizard' (referenced via default plugins)
UEBuildTarget.AddPlugin: Enabling plugin 'PluginBrowser' (referenced via default plugins)
UEBuildTarget.AddPlugin: Enabling plugin 'SpeedTreeImporter' (referenced via default plugins)
UEBuildTarget.AddPlugin: Enabling plugin 'DatasmithContent' (referenced via default plugins)
UEBuildTarget.AddPlugin: Enabling plugin 'VariantManagerContent' (referenced via default plugins -> DatasmithContent.uplugin)
UEBuildTarget.AddPlugin: Enabling plugin 'AlembicImporter' (referenced via default plugins)
UEBuildTarget.AddPlugin: Enabling plugin 'GeometryCache' (referenced via default plugins -> AlembicImporter.uplugin)
UEBuildTarget.AddPlugin: Enabling plugin 'AutomationUtils' (referenced via default plugins)
UEBuildTarget.AddPlugin: Enabling plugin 'ScreenshotTools' (referenced via default plugins -> AutomationUtils.uplugin)
UEBuildTarget.AddPlugin: Enabling plugin 'BackChannel' (referenced via default plugins)
UEBuildTarget.AddPlugin: Enabling plugin 'ChaosClothEditor' (referenced via default plugins)
UEBuildTarget.AddPlugin: Enabling plugin 'ChaosCloth' (referenced via default plugins -> ChaosClothEditor.uplugin)
UEBuildTarget.AddPlugin: Enabling plugin 'ChaosEditor' (referenced via default plugins)
UEBuildTarget.AddPlugin: Enabling plugin 'PlanarCut' (referenced via default plugins -> ChaosEditor.uplugin)
UEBuildTarget.AddPlugin: Enabling plugin 'GeometryProcessing' (referenced via default plugins -> ChaosEditor.uplugin -> PlanarCut.uplugin)
UEBuildTarget.AddPlugin: Enabling plugin 'EditableMesh' (referenced via default plugins -> ChaosEditor.uplugin)
UEBuildTarget.AddPlugin: Enabling plugin 'GeometryCollectionPlugin' (referenced via default plugins -> ChaosEditor.uplugin)
UEBuildTarget.AddPlugin: Enabling plugin 'ProceduralMeshComponent' (referenced via default plugins -> ChaosEditor.uplugin -> GeometryCollectionPlugin.uplugin)
UEBuildTarget.AddPlugin: Enabling plugin 'ChaosSolverPlugin' (referenced via default plugins -> ChaosEditor.uplugin -> GeometryCollectionPlugin.uplugin)
UEBuildTarget.AddPlugin: Enabling plugin 'ChaosNiagara' (referenced via default plugins)
UEBuildTarget.AddPlugin: Enabling plugin 'Niagara' (referenced via default plugins -> ChaosNiagara.uplugin)
UEBuildTarget.AddPlugin: Enabling plugin 'CharacterAI' (referenced via default plugins)
UEBuildTarget.AddPlugin: Enabling plugin 'MotoSynth' (referenced via default plugins)
UEBuildTarget.AddPlugin: Enabling plugin 'PlatformCrypto' (referenced via default plugins)
UEBuildTarget.AddPlugin: Enabling plugin 'ProxyLODPlugin' (referenced via default plugins)
UEBuildTarget.AddPlugin: Enabling plugin 'SkeletalReduction' (referenced via default plugins)
UEBuildTarget.AddPlugin: Enabling plugin 'LuminPlatformFeatures' (referenced via default plugins)
UEBuildTarget.AddPlugin: Enabling plugin 'MLSDK' (referenced via default plugins -> LuminPlatformFeatures.uplugin)
LuminSDKVersionHelper.HasAnySDK: *** Unable to determine MLSDK location ***
UEBuildTarget.AddPlugin: Enabling plugin 'MagicLeapMedia' (referenced via default plugins)
UEBuildTarget.AddPlugin: Enabling plugin 'MagicLeap' (referenced via default plugins -> MagicLeapMedia.uplugin)
UEBuildTarget.AddPlugin: Enabling plugin 'MagicLeapPassableWorld' (referenced via default plugins -> MagicLeapMedia.uplugin -> MagicLeap.uplugin)
UEBuildTarget.AddPlugin: Enabling plugin 'MagicLeapLightEstimation' (referenced via default plugins -> MagicLeapMedia.uplugin -> MagicLeap.uplugin)
UEBuildTarget.AddPlugin: Enabling plugin 'AndroidMedia' (referenced via default plugins)
UEBuildTarget.AddPlugin: Enabling plugin 'AvfMedia' (referenced via default plugins)
UEBuildTarget.AddPlugin: Enabling plugin 'ImgMedia' (referenced via default plugins)
UEBuildTarget.AddPlugin: Enabling plugin 'MediaCompositing' (referenced via default plugins)
UEBuildTarget.AddPlugin: Enabling plugin 'MediaPlayerEditor' (referenced via default plugins)
UEBuildTarget.AddPlugin: Enabling plugin 'WmfMedia' (referenced via default plugins)
UEBuildTarget.AddPlugin: Enabling plugin 'MeshPainting' (referenced via default plugins)
UEBuildTarget.AddPlugin: Enabling plugin 'TcpMessaging' (referenced via default plugins)
UEBuildTarget.AddPlugin: Enabling plugin 'UdpMessaging' (referenced via default plugins)
UEBuildTarget.AddPlugin: Enabling plugin 'ActorSequence' (referenced via default plugins)
UEBuildTarget.AddPlugin: Enabling plugin 'LevelSequenceEditor' (referenced via default plugins)
UEBuildTarget.AddPlugin: Enabling plugin 'MatineeToLevelSequence' (referenced via default plugins)
UEBuildTarget.AddPlugin: Enabling plugin 'TemplateSequence' (referenced via default plugins -> MatineeToLevelSequence.uplugin)
UEBuildTarget.AddPlugin: Enabling plugin 'OnlineSubsystemGooglePlay' (referenced via default plugins)
UEBuildTarget.AddPlugin: Enabling plugin 'OnlineSubsystem' (referenced via default plugins -> OnlineSubsystemGooglePlay.uplugin)
UEBuildTarget.AddPlugin: Enabling plugin 'AndroidPermission' (referenced via default plugins -> OnlineSubsystemGooglePlay.uplugin)
UEBuildTarget.AddPlugin: Enabling plugin 'OnlineSubsystemIOS' (referenced via default plugins)
UEBuildTarget.AddPlugin: Enabling plugin 'OnlineSubsystemNull' (referenced via default plugins)
UEBuildTarget.AddPlugin: Enabling plugin 'OnlineSubsystemUtils' (referenced via default plugins -> OnlineSubsystemNull.uplugin)
UEBuildTarget.AddPlugin: Enabling plugin 'LauncherChunkInstaller' (referenced via default plugins)
UEBuildTarget.AddPlugin: Enabling plugin 'ActorLayerUtilities' (referenced via default plugins)
UEBuildTarget.AddPlugin: Enabling plugin 'AndroidDeviceProfileSelector' (referenced via default plugins)
UEBuildTarget.AddPlugin: Enabling plugin 'AndroidMoviePlayer' (referenced via default plugins)
UEBuildTarget.AddPlugin: Enabling plugin 'AppleImageUtils' (referenced via default plugins)
UEBuildTarget.AddPlugin: Enabling plugin 'AppleMoviePlayer' (referenced via default plugins)
UEBuildTarget.AddPlugin: Enabling plugin 'ArchVisCharacter' (referenced via default plugins)
UEBuildTarget.AddPlugin: Enabling plugin 'AssetTags' (referenced via default plugins)
UEBuildTarget.AddPlugin: Enabling plugin 'AudioCapture' (referenced via default plugins)
UEBuildTarget.AddPlugin: Enabling plugin 'CableComponent' (referenced via default plugins)
UEBuildTarget.AddPlugin: Enabling plugin 'ChunkDownloader' (referenced via default plugins)
UEBuildTarget.AddPlugin: Enabling plugin 'CustomMeshComponent' (referenced via default plugins)
UEBuildTarget.AddPlugin: Enabling plugin 'ExampleDeviceProfileSelector' (referenced via default plugins)
UEBuildTarget.AddPlugin: Enabling plugin 'GoogleCloudMessaging' (referenced via default plugins)
UEBuildTarget.AddPlugin: Enabling plugin 'GooglePAD' (referenced via default plugins)
UEBuildTarget.AddPlugin: Enabling plugin 'IOSDeviceProfileSelector' (referenced via default plugins)
UEBuildTarget.AddPlugin: Enabling plugin 'LinuxDeviceProfileSelector' (referenced via default plugins)
UEBuildTarget.AddPlugin: Enabling plugin 'LocationServicesBPLibrary' (referenced via default plugins)
UEBuildTarget.AddPlugin: Enabling plugin 'MobilePatchingUtils' (referenced via default plugins)
UEBuildTarget.AddPlugin: Enabling plugin 'OculusVR' (referenced via default plugins)
UEBuildTarget.AddPlugin: Enabling plugin 'PhysXVehicles' (referenced via default plugins)
UEBuildTarget.AddPlugin: Enabling plugin 'PostSplashScreen' (referenced via default plugins)
UEBuildTarget.AddPlugin: Enabling plugin 'RuntimePhysXCooking' (referenced via default plugins)
UEBuildTarget.AddPlugin: Enabling plugin 'SoundFields' (referenced via default plugins)
UEBuildTarget.AddPlugin: Enabling plugin 'SteamVR' (referenced via default plugins)
UEBuildTarget.AddPlugin: Enabling plugin 'Synthesis' (referenced via default plugins)
UEBuildTarget.AddPlugin: Enabling plugin 'AudioSynesthesia' (referenced via default plugins -> Synthesis.uplugin)
UEBuildTarget.AddPlugin: Enabling plugin 'WebMMoviePlayer' (referenced via default plugins)
UEBuildTarget.AddPlugin: Enabling plugin 'WebMMedia' (referenced via default plugins -> WebMMoviePlayer.uplugin)
UEBuildTarget.AddPlugin: Enabling plugin 'WindowsMoviePlayer' (referenced via default plugins)
UEBuildTarget.AddPlugin: Enabling plugin 'XGEController' (referenced via default plugins)
LuminSDKVersionHelper.HasAnySDK: *** Unable to determine MLSDK location ***
UEBuildModule.CreateDirectoryHashSet: C:\Program Files\Epic Games\UE_4.26\Engine\Plugins\Marketplace\DistanceMatching\Source\DistanceMatching\DistanceMatching.Build.cs: warning: Referenced directory 'C:\Program Files\Epic Games\UE_4.26\Engine\Source\DistanceMatching\Public' does not exist.
UEBuildModule.CreateDirectoryHashSet: C:\Program Files\Epic Games\UE_4.26\Engine\Plugins\Marketplace\DistanceMatching\Source\DistanceMatchingEditor\DistanceMatchingEditor.Build.cs: warning: Referenced directory 'C:\Program Files\Epic Games\UE_4.26\Engine\Source\DistanceMatchingEditor\Public' does not exist.
VCToolChain..ctor: Compiler: C:\Program Files\Microsoft Visual Studio\2022\Community\VC\Tools\MSVC\14.30.30705\bin\HostX64\x64\cl.exe
VCToolChain..ctor: Linker: C:\Program Files\Microsoft Visual Studio\2022\Community\VC\Tools\MSVC\14.30.30705\bin\HostX64\x64\link.exe
VCToolChain..ctor: Library Manager: C:\Program Files\Microsoft Visual Studio\2022\Community\VC\Tools\MSVC\14.30.30705\bin\HostX64\x64\lib.exe
VCToolChain..ctor: Resource Compiler: C:\Program Files (x86)\Windows Kits\10\bin\10.0.18362.0\x64\rc.exe
ProgressWriter.Write: @progress 'Binding IntelliSense data...' 50%
UEBuildTarget.AddPlugin: Enabling plugin 'Paper2D' (referenced via default plugins)
UEBuildTarget.AddPlugin: Enabling plugin 'AISupport' (referenced via default plugins)
UEBuildTarget.AddPlugin: Enabling plugin 'EnvironmentQueryEditor' (referenced via default plugins)
UEBuildTarget.AddPlugin: Enabling plugin 'LightPropagationVolume' (referenced via default plugins)
UEBuildTarget.AddPlugin: Enabling plugin 'CameraShakePreviewer' (referenced via default plugins)
UEBuildTarget.AddPlugin: Enabling plugin 'AnimationSharing' (referenced via default plugins)
UEBuildTarget.AddPlugin: Enabling plugin 'SignificanceManager' (referenced via default plugins -> AnimationSharing.uplugin)
UEBuildTarget.AddPlugin: Enabling plugin 'CLionSourceCodeAccess' (referenced via default plugins)
UEBuildTarget.AddPlugin: Enabling plugin 'CodeLiteSourceCodeAccess' (referenced via default plugins)
UEBuildTarget.AddPlugin: Enabling plugin 'GitSourceControl' (referenced via default plugins)
UEBuildTarget.AddPlugin: Enabling plugin 'KDevelopSourceCodeAccess' (referenced via default plugins)
UEBuildTarget.AddPlugin: Enabling plugin 'NullSourceCodeAccess' (referenced via default plugins)
UEBuildTarget.AddPlugin: Enabling plugin 'PerforceSourceControl' (referenced via default plugins)
UEBuildTarget.AddPlugin: Enabling plugin 'PlasticSourceControl' (referenced via default plugins)
UEBuildTarget.AddPlugin: Enabling plugin 'PluginUtils' (referenced via default plugins)
UEBuildTarget.AddPlugin: Enabling plugin 'PropertyAccessNode' (referenced via default plugins)
UEBuildTarget.AddPlugin: Enabling plugin 'PropertyAccessEditor' (referenced via default plugins -> PropertyAccessNode.uplugin)
UEBuildTarget.AddPlugin: Enabling plugin 'RiderSourceCodeAccess' (referenced via default plugins)
UEBuildTarget.AddPlugin: Enabling plugin 'SubversionSourceControl' (referenced via default plugins)
UEBuildTarget.AddPlugin: Enabling plugin 'UObjectPlugin' (referenced via default plugins)
UEBuildTarget.AddPlugin: Enabling plugin 'VisualStudioCodeSourceCodeAccess' (referenced via default plugins)
UEBuildTarget.AddPlugin: Enabling plugin 'VisualStudioSourceCodeAccess' (referenced via default plugins)
UEBuildTarget.AddPlugin: Enabling plugin 'XCodeSourceCodeAccess' (referenced via default plugins)
UEBuildTarget.AddPlugin: Enabling plugin 'AssetManagerEditor' (referenced via default plugins)
UEBuildTarget.AddPlugin: Enabling plugin 'ContentBrowserAssetDataSource' (referenced via default plugins)
UEBuildTarget.AddPlugin: Enabling plugin 'ContentBrowserClassDataSource' (referenced via default plugins)
UEBuildTarget.AddPlugin: Enabling plugin 'CryptoKeys' (referenced via default plugins)
UEBuildTarget.AddPlugin: Enabling plugin 'CurveEditorTools' (referenced via default plugins)
UEBuildTarget.AddPlugin: Enabling plugin 'DataValidation' (referenced via default plugins)
UEBuildTarget.AddPlugin: Enabling plugin 'FacialAnimation' (referenced via default plugins)
UEBuildTarget.AddPlugin: Enabling plugin 'GameplayTagsEditor' (referenced via default plugins)
UEBuildTarget.AddPlugin: Enabling plugin 'GeometryMode' (referenced via default plugins)
UEBuildTarget.AddPlugin: Enabling plugin 'MacGraphicsSwitching' (referenced via default plugins)
UEBuildTarget.AddPlugin: Enabling plugin 'MaterialAnalyzer' (referenced via default plugins)
UEBuildTarget.AddPlugin: Enabling plugin 'MobileLauncherProfileWizard' (referenced via default plugins)
UEBuildTarget.AddPlugin: Enabling plugin 'PluginBrowser' (referenced via default plugins)
UEBuildTarget.AddPlugin: Enabling plugin 'SpeedTreeImporter' (referenced via default plugins)
UEBuildTarget.AddPlugin: Enabling plugin 'DatasmithContent' (referenced via default plugins)
UEBuildTarget.AddPlugin: Enabling plugin 'VariantManagerContent' (referenced via default plugins -> DatasmithContent.uplugin)
UEBuildTarget.AddPlugin: Enabling plugin 'AlembicImporter' (referenced via default plugins)
UEBuildTarget.AddPlugin: Enabling plugin 'GeometryCache' (referenced via default plugins -> AlembicImporter.uplugin)
UEBuildTarget.AddPlugin: Enabling plugin 'AutomationUtils' (referenced via default plugins)
UEBuildTarget.AddPlugin: Enabling plugin 'ScreenshotTools' (referenced via default plugins -> AutomationUtils.uplugin)
UEBuildTarget.AddPlugin: Enabling plugin 'BackChannel' (referenced via default plugins)
UEBuildTarget.AddPlugin: Enabling plugin 'ChaosClothEditor' (referenced via default plugins)
UEBuildTarget.AddPlugin: Enabling plugin 'ChaosCloth' (referenced via default plugins -> ChaosClothEditor.uplugin)
UEBuildTarget.AddPlugin: Enabling plugin 'ChaosEditor' (referenced via default plugins)
UEBuildTarget.AddPlugin: Enabling plugin 'PlanarCut' (referenced via default plugins -> ChaosEditor.uplugin)
UEBuildTarget.AddPlugin: Enabling plugin 'GeometryProcessing' (referenced via default plugins -> ChaosEditor.uplugin -> PlanarCut.uplugin)
UEBuildTarget.AddPlugin: Enabling plugin 'EditableMesh' (referenced via default plugins -> ChaosEditor.uplugin)
UEBuildTarget.AddPlugin: Enabling plugin 'GeometryCollectionPlugin' (referenced via default plugins -> ChaosEditor.uplugin)
UEBuildTarget.AddPlugin: Enabling plugin 'ProceduralMeshComponent' (referenced via default plugins -> ChaosEditor.uplugin -> GeometryCollectionPlugin.uplugin)
UEBuildTarget.AddPlugin: Enabling plugin 'ChaosSolverPlugin' (referenced via default plugins -> ChaosEditor.uplugin -> GeometryCollectionPlugin.uplugin)
UEBuildTarget.AddPlugin: Enabling plugin 'ChaosNiagara' (referenced via default plugins)
UEBuildTarget.AddPlugin: Enabling plugin 'Niagara' (referenced via default plugins -> ChaosNiagara.uplugin)
UEBuildTarget.AddPlugin: Enabling plugin 'CharacterAI' (referenced via default plugins)
UEBuildTarget.AddPlugin: Enabling plugin 'MotoSynth' (referenced via default plugins)
UEBuildTarget.AddPlugin: Enabling plugin 'PlatformCrypto' (referenced via default plugins)
UEBuildTarget.AddPlugin: Enabling plugin 'ProxyLODPlugin' (referenced via default plugins)
UEBuildTarget.AddPlugin: Enabling plugin 'SkeletalReduction' (referenced via default plugins)
UEBuildTarget.AddPlugin: Enabling plugin 'LuminPlatformFeatures' (referenced via default plugins)
UEBuildTarget.AddPlugin: Enabling plugin 'MLSDK' (referenced via default plugins -> LuminPlatformFeatures.uplugin)
LuminSDKVersionHelper.HasAnySDK: *** Unable to determine MLSDK location ***
UEBuildTarget.AddPlugin: Enabling plugin 'MagicLeapMedia' (referenced via default plugins)
UEBuildTarget.AddPlugin: Enabling plugin 'MagicLeap' (referenced via default plugins -> MagicLeapMedia.uplugin)
UEBuildTarget.AddPlugin: Enabling plugin 'MagicLeapPassableWorld' (referenced via default plugins -> MagicLeapMedia.uplugin -> MagicLeap.uplugin)
UEBuildTarget.AddPlugin: Enabling plugin 'MagicLeapLightEstimation' (referenced via default plugins -> MagicLeapMedia.uplugin -> MagicLeap.uplugin)
UEBuildTarget.AddPlugin: Enabling plugin 'AndroidMedia' (referenced via default plugins)
UEBuildTarget.AddPlugin: Enabling plugin 'AvfMedia' (referenced via default plugins)
UEBuildTarget.AddPlugin: Enabling plugin 'ImgMedia' (referenced via default plugins)
UEBuildTarget.AddPlugin: Enabling plugin 'MediaCompositing' (referenced via default plugins)
UEBuildTarget.AddPlugin: Enabling plugin 'MediaPlayerEditor' (referenced via default plugins)
UEBuildTarget.AddPlugin: Enabling plugin 'WmfMedia' (referenced via default plugins)
UEBuildTarget.AddPlugin: Enabling plugin 'MeshPainting' (referenced via default plugins)
UEBuildTarget.AddPlugin: Enabling plugin 'TcpMessaging' (referenced via default plugins)
UEBuildTarget.AddPlugin: Enabling plugin 'UdpMessaging' (referenced via default plugins)
UEBuildTarget.AddPlugin: Enabling plugin 'ActorSequence' (referenced via default plugins)
UEBuildTarget.AddPlugin: Enabling plugin 'LevelSequenceEditor' (referenced via default plugins)
UEBuildTarget.AddPlugin: Enabling plugin 'MatineeToLevelSequence' (referenced via default plugins)
UEBuildTarget.AddPlugin: Enabling plugin 'TemplateSequence' (referenced via default plugins -> MatineeToLevelSequence.uplugin)
UEBuildTarget.AddPlugin: Enabling plugin 'OnlineSubsystemGooglePlay' (referenced via default plugins)
UEBuildTarget.AddPlugin: Enabling plugin 'OnlineSubsystem' (referenced via default plugins -> OnlineSubsystemGooglePlay.uplugin)
UEBuildTarget.AddPlugin: Enabling plugin 'AndroidPermission' (referenced via default plugins -> OnlineSubsystemGooglePlay.uplugin)
UEBuildTarget.AddPlugin: Enabling plugin 'OnlineSubsystemIOS' (referenced via default plugins)
UEBuildTarget.AddPlugin: Enabling plugin 'OnlineSubsystemNull' (referenced via default plugins)
UEBuildTarget.AddPlugin: Enabling plugin 'OnlineSubsystemUtils' (referenced via default plugins -> OnlineSubsystemNull.uplugin)
UEBuildTarget.AddPlugin: Enabling plugin 'LauncherChunkInstaller' (referenced via default plugins)
UEBuildTarget.AddPlugin: Enabling plugin 'ActorLayerUtilities' (referenced via default plugins)
UEBuildTarget.AddPlugin: Enabling plugin 'AndroidDeviceProfileSelector' (referenced via default plugins)
UEBuildTarget.AddPlugin: Enabling plugin 'AndroidMoviePlayer' (referenced via default plugins)
UEBuildTarget.AddPlugin: Enabling plugin 'AppleImageUtils' (referenced via default plugins)
UEBuildTarget.AddPlugin: Enabling plugin 'AppleMoviePlayer' (referenced via default plugins)
UEBuildTarget.AddPlugin: Enabling plugin 'ArchVisCharacter' (referenced via default plugins)
UEBuildTarget.AddPlugin: Enabling plugin 'AssetTags' (referenced via default plugins)
UEBuildTarget.AddPlugin: Enabling plugin 'AudioCapture' (referenced via default plugins)
UEBuildTarget.AddPlugin: Enabling plugin 'CableComponent' (referenced via default plugins)
UEBuildTarget.AddPlugin: Enabling plugin 'ChunkDownloader' (referenced via default plugins)
UEBuildTarget.AddPlugin: Enabling plugin 'CustomMeshComponent' (referenced via default plugins)
UEBuildTarget.AddPlugin: Enabling plugin 'ExampleDeviceProfileSelector' (referenced via default plugins)
UEBuildTarget.AddPlugin: Enabling plugin 'GoogleCloudMessaging' (referenced via default plugins)
UEBuildTarget.AddPlugin: Enabling plugin 'GooglePAD' (referenced via default plugins)
UEBuildTarget.AddPlugin: Enabling plugin 'IOSDeviceProfileSelector' (referenced via default plugins)
UEBuildTarget.AddPlugin: Enabling plugin 'LinuxDeviceProfileSelector' (referenced via default plugins)
UEBuildTarget.AddPlugin: Enabling plugin 'LocationServicesBPLibrary' (referenced via default plugins)
UEBuildTarget.AddPlugin: Enabling plugin 'MobilePatchingUtils' (referenced via default plugins)
UEBuildTarget.AddPlugin: Enabling plugin 'OculusVR' (referenced via default plugins)
UEBuildTarget.AddPlugin: Enabling plugin 'PhysXVehicles' (referenced via default plugins)
UEBuildTarget.AddPlugin: Enabling plugin 'PostSplashScreen' (referenced via default plugins)
UEBuildTarget.AddPlugin: Enabling plugin 'RuntimePhysXCooking' (referenced via default plugins)
UEBuildTarget.AddPlugin: Enabling plugin 'SoundFields' (referenced via default plugins)
UEBuildTarget.AddPlugin: Enabling plugin 'SteamVR' (referenced via default plugins)
UEBuildTarget.AddPlugin: Enabling plugin 'Synthesis' (referenced via default plugins)
UEBuildTarget.AddPlugin: Enabling plugin 'AudioSynesthesia' (referenced via default plugins -> Synthesis.uplugin)
UEBuildTarget.AddPlugin: Enabling plugin 'WebMMoviePlayer' (referenced via default plugins)
UEBuildTarget.AddPlugin: Enabling plugin 'WebMMedia' (referenced via default plugins -> WebMMoviePlayer.uplugin)
UEBuildTarget.AddPlugin: Enabling plugin 'WindowsMoviePlayer' (referenced via default plugins)
UEBuildTarget.AddPlugin: Enabling plugin 'XGEController' (referenced via default plugins)
VCToolChain..ctor: Compiler: C:\Program Files\Microsoft Visual Studio\2022\Community\VC\Tools\MSVC\14.30.30705\bin\HostX64\x64\cl.exe
VCToolChain..ctor: Linker: C:\Program Files\Microsoft Visual Studio\2022\Community\VC\Tools\MSVC\14.30.30705\bin\HostX64\x64\link.exe
VCToolChain..ctor: Library Manager: C:\Program Files\Microsoft Visual Studio\2022\Community\VC\Tools\MSVC\14.30.30705\bin\HostX64\x64\lib.exe
VCToolChain..ctor: Resource Compiler: C:\Program Files (x86)\Windows Kits\10\bin\10.0.18362.0\x64\rc.exe
ProgressWriter.Write: @progress 'Binding IntelliSense data...' 100%
Log.PushStatus: Writing project files...
ProgressWriter.Write: @progress 'Writing project files...' 0%
ProgressWriter.Write: @progress 'Writing project files...' 33%
ProgressWriter.Write: @progress 'Writing project files...' 67%
ProgressWriter.Write: @progress 'Writing project files...' 100%
Timeline.Print: Timeline:
Timeline.Print: 
Timeline.Print: [ 0.000]
Timeline.Print: [ 0.000](+0.268) <unknown>
Timeline.Print: [ 0.268](+0.241) XmlConfig.ReadConfigFiles()
Timeline.Print: [ 0.509](+0.000) SingleInstanceMutex.Acquire()
Timeline.Print: [ 0.510](+0.050) UEBuildPlatform.RegisterPlatforms()
Timeline.Print:   0.510          [ 0.000](+0.024) Initializing InstalledPlatformInfo
Timeline.Print:   0.535          [ 0.025](+0.000) Querying types
Timeline.Print:   0.536          [ 0.026](+0.001) MacPlatformFactory
Timeline.Print:   0.538          [ 0.028](+0.000) TVOSPlatformFactory
Timeline.Print:   0.538          [ 0.028](+0.014) AndroidPlatformFactory
Timeline.Print:   0.553          [ 0.043](+0.000) HoloLensPlatformFactory
Timeline.Print:   0.553          [ 0.043](+0.002) IOSPlatformFactory
Timeline.Print:   0.555          [ 0.045](+0.003) LinuxPlatformFactory
Timeline.Print:   0.559          [ 0.049](+0.000) LuminPlatformFactory
Timeline.Print:   0.559          [ 0.049](+0.000) WindowsPlatformFactory
Timeline.Print: [ 0.560](+0.375) <unknown>
Timeline.Print: [ 0.935](+0.002) Finding engine modules
Timeline.Print: [ 0.937](+0.019) Finding plugin modules
Timeline.Print: [ 0.957](+0.031) <unknown>
Timeline.Print: [ 0.989](+0.000) Finding program modules
Timeline.Print: [ 0.989](+0.000) Finding program targets
Timeline.Print: [ 0.989](+1.231) <unknown>
Timeline.Print: [ 2.220](+0.000) RulesCompiler.CreateTargetRulesAssembly()
Timeline.Print: [ 2.220](+0.001) RulesAssembly.CreateTargetRules()
Timeline.Print: [ 2.229](+0.004) UEBuildTarget constructor
Timeline.Print: [ 2.233](+1.138) UEBuildTarget.PreBuildSetup()
Timeline.Print: [ 3.372](+0.619) <unknown>
Timeline.Print: [ 3.991](+0.000) RulesCompiler.CreateTargetRulesAssembly()
Timeline.Print: [ 3.991](+0.001) RulesAssembly.CreateTargetRules()
Timeline.Print: [ 3.994](+0.051) UEBuildTarget constructor
Timeline.Print:   3.994          [ 0.000](+0.051) Reading source file metadata cache
Timeline.Print: [ 4.046](+0.154) UEBuildTarget.PreBuildSetup()
Timeline.Print: [ 4.200](+3.933) <unknown>
Timeline.Print: [ 8.133](+0.000) FileMetadataPrefetch.Stop()
Timeline.Print: [ 8.137]
